{"D:\\朱旭\\文档\\前端随笔\\vue-source\\src\\packages\\apiLifecircle.js": {"path":"D:\\朱旭\\文档\\前端随笔\\vue-source\\src\\packages\\apiLifecircle.js","statementMap":{"0":{"start":{"line":1,"column":22},"end":{"line":1,"column":26}},"1":{"start":{"line":4,"column":2},"end":{"line":6,"column":3}},"2":{"start":{"line":5,"column":4},"end":{"line":5,"column":28}},"3":{"start":{"line":9,"column":26},"end":{"line":13,"column":1}},"4":{"start":{"line":10,"column":2},"end":{"line":12,"column":3}},"5":{"start":{"line":11,"column":4},"end":{"line":11,"column":10}},"6":{"start":{"line":15,"column":29},"end":{"line":15,"column":68}},"7":{"start":{"line":15,"column":37},"end":{"line":15,"column":68}},"8":{"start":{"line":16,"column":25},"end":{"line":16,"column":60}},"9":{"start":{"line":16,"column":33},"end":{"line":16,"column":60}},"10":{"start":{"line":17,"column":30},"end":{"line":17,"column":70}},"11":{"start":{"line":17,"column":38},"end":{"line":17,"column":70}},"12":{"start":{"line":18,"column":25},"end":{"line":18,"column":60}},"13":{"start":{"line":18,"column":33},"end":{"line":18,"column":60}},"14":{"start":{"line":20,"column":34},"end":{"line":22,"column":1}},"15":{"start":{"line":21,"column":2},"end":{"line":21,"column":28}},"16":{"start":{"line":24,"column":36},"end":{"line":26,"column":1}},"17":{"start":{"line":25,"column":2},"end":{"line":25,"column":24}}},"fnMap":{"0":{"name":"createHook","decl":{"start":{"line":3,"column":9},"end":{"line":3,"column":19}},"loc":{"start":{"line":3,"column":63},"end":{"line":7,"column":1}},"line":3},"1":{"name":"(anonymous_1)","decl":{"start":{"line":9,"column":26},"end":{"line":9,"column":27}},"loc":{"start":{"line":9,"column":34},"end":{"line":13,"column":1}},"line":9},"2":{"name":"(anonymous_2)","decl":{"start":{"line":15,"column":29},"end":{"line":15,"column":30}},"loc":{"start":{"line":15,"column":37},"end":{"line":15,"column":68}},"line":15},"3":{"name":"(anonymous_3)","decl":{"start":{"line":16,"column":25},"end":{"line":16,"column":26}},"loc":{"start":{"line":16,"column":33},"end":{"line":16,"column":60}},"line":16},"4":{"name":"(anonymous_4)","decl":{"start":{"line":17,"column":30},"end":{"line":17,"column":31}},"loc":{"start":{"line":17,"column":38},"end":{"line":17,"column":70}},"line":17},"5":{"name":"(anonymous_5)","decl":{"start":{"line":18,"column":25},"end":{"line":18,"column":26}},"loc":{"start":{"line":18,"column":33},"end":{"line":18,"column":60}},"line":18},"6":{"name":"(anonymous_6)","decl":{"start":{"line":20,"column":34},"end":{"line":20,"column":35}},"loc":{"start":{"line":20,"column":46},"end":{"line":22,"column":1}},"line":20},"7":{"name":"(anonymous_7)","decl":{"start":{"line":24,"column":36},"end":{"line":24,"column":37}},"loc":{"start":{"line":24,"column":42},"end":{"line":26,"column":1}},"line":24}},"branchMap":{"0":{"loc":{"start":{"line":3,"column":37},"end":{"line":3,"column":61}},"type":"default-arg","locations":[{"start":{"line":3,"column":46},"end":{"line":3,"column":61}}],"line":3},"1":{"loc":{"start":{"line":4,"column":2},"end":{"line":6,"column":3}},"type":"if","locations":[{"start":{"line":4,"column":2},"end":{"line":6,"column":3}},{"start":{},"end":{}}],"line":4},"2":{"loc":{"start":{"line":10,"column":2},"end":{"line":12,"column":3}},"type":"if","locations":[{"start":{"line":10,"column":2},"end":{"line":12,"column":3}},{"start":{},"end":{}}],"line":10}},"s":{"0":2,"1":2,"2":2,"3":2,"4":14,"5":2,"6":2,"7":1,"8":2,"9":1,"10":2,"11":0,"12":2,"13":0,"14":2,"15":3,"16":2,"17":3},"f":{"0":2,"1":14,"2":1,"3":1,"4":0,"5":0,"6":3,"7":3},"b":{"0":[2],"1":[2,0],"2":[2,12]},"_coverageSchema":"1a1c01bbd47fc00a2c39e90264f33305004495a9","hash":"076449d5c1d8a0e5f62f5354221c91c656ba7c16"}
,"D:\\朱旭\\文档\\前端随笔\\vue-source\\src\\packages\\component.js": {"path":"D:\\朱旭\\文档\\前端随笔\\vue-source\\src\\packages\\component.js","statementMap":{"0":{"start":{"line":11,"column":20},"end":{"line":11,"column":30}},"1":{"start":{"line":13,"column":19},"end":{"line":35,"column":3}},"2":{"start":{"line":37,"column":2},"end":{"line":37,"column":43}},"3":{"start":{"line":39,"column":2},"end":{"line":39,"column":17}},"4":{"start":{"line":43,"column":22},"end":{"line":43,"column":68}},"5":{"start":{"line":44,"column":18},"end":{"line":44,"column":51}},"6":{"start":{"line":45,"column":2},"end":{"line":47,"column":3}},"7":{"start":{"line":46,"column":4},"end":{"line":46,"column":20}},"8":{"start":{"line":52,"column":20},"end":{"line":52,"column":34}},"9":{"start":{"line":54,"column":2},"end":{"line":54,"column":28}},"10":{"start":{"line":56,"column":2},"end":{"line":56,"column":34}},"11":{"start":{"line":60,"column":20},"end":{"line":60,"column":33}},"12":{"start":{"line":62,"column":2},"end":{"line":62,"column":31}},"13":{"start":{"line":64,"column":20},"end":{"line":64,"column":29}},"14":{"start":{"line":65,"column":2},"end":{"line":71,"column":3}},"15":{"start":{"line":66,"column":25},"end":{"line":66,"column":53}},"16":{"start":{"line":67,"column":4},"end":{"line":67,"column":32}},"17":{"start":{"line":68,"column":24},"end":{"line":68,"column":59}},"18":{"start":{"line":69,"column":4},"end":{"line":69,"column":26}},"19":{"start":{"line":70,"column":4},"end":{"line":70,"column":37}},"20":{"start":{"line":72,"column":2},"end":{"line":72,"column":32}},"21":{"start":{"line":76,"column":2},"end":{"line":79,"column":3}},"22":{"start":{"line":84,"column":2},"end":{"line":84,"column":24}},"23":{"start":{"line":88,"column":32},"end":{"line":88,"column":45}},"24":{"start":{"line":89,"column":2},"end":{"line":91,"column":3}},"25":{"start":{"line":90,"column":4},"end":{"line":90,"column":43}},"26":{"start":{"line":96,"column":20},"end":{"line":96,"column":30}},"27":{"start":{"line":97,"column":21},"end":{"line":97,"column":30}},"28":{"start":{"line":98,"column":25},"end":{"line":98,"column":33}},"29":{"start":{"line":101,"column":28},"end":{"line":119,"column":3}},"30":{"start":{"line":102,"column":20},"end":{"line":102,"column":36}},"31":{"start":{"line":104,"column":4},"end":{"line":117,"column":5}},"32":{"start":{"line":106,"column":39},"end":{"line":106,"column":47}},"33":{"start":{"line":107,"column":6},"end":{"line":107,"column":29}},"34":{"start":{"line":108,"column":6},"end":{"line":108,"column":37}},"35":{"start":{"line":109,"column":6},"end":{"line":109,"column":25}},"36":{"start":{"line":110,"column":6},"end":{"line":110,"column":31}},"37":{"start":{"line":113,"column":40},"end":{"line":113,"column":48}},"38":{"start":{"line":114,"column":6},"end":{"line":114,"column":30}},"39":{"start":{"line":115,"column":6},"end":{"line":115,"column":49}},"40":{"start":{"line":116,"column":6},"end":{"line":116,"column":25}},"41":{"start":{"line":118,"column":4},"end":{"line":118,"column":30}},"42":{"start":{"line":122,"column":2},"end":{"line":122,"column":27}},"43":{"start":{"line":127,"column":16},"end":{"line":127,"column":18}},"44":{"start":{"line":128,"column":16},"end":{"line":128,"column":18}},"45":{"start":{"line":129,"column":27},"end":{"line":129,"column":35}},"46":{"start":{"line":131,"column":2},"end":{"line":139,"column":3}},"47":{"start":{"line":132,"column":18},"end":{"line":132,"column":31}},"48":{"start":{"line":133,"column":4},"end":{"line":138,"column":5}},"49":{"start":{"line":135,"column":6},"end":{"line":135,"column":24}},"50":{"start":{"line":137,"column":6},"end":{"line":137,"column":24}},"51":{"start":{"line":142,"column":2},"end":{"line":142,"column":34}},"52":{"start":{"line":143,"column":2},"end":{"line":143,"column":24}},"53":{"start":{"line":148,"column":2},"end":{"line":180,"column":4}},"54":{"start":{"line":150,"column":42},"end":{"line":150,"column":48}},"55":{"start":{"line":151,"column":6},"end":{"line":153,"column":7}},"56":{"start":{"line":152,"column":8},"end":{"line":152,"column":30}},"57":{"start":{"line":154,"column":6},"end":{"line":156,"column":7}},"58":{"start":{"line":155,"column":8},"end":{"line":155,"column":24}},"59":{"start":{"line":158,"column":6},"end":{"line":160,"column":7}},"60":{"start":{"line":159,"column":8},"end":{"line":159,"column":25}},"61":{"start":{"line":161,"column":6},"end":{"line":161,"column":38}},"62":{"start":{"line":164,"column":42},"end":{"line":164,"column":48}},"63":{"start":{"line":165,"column":6},"end":{"line":168,"column":7}},"64":{"start":{"line":166,"column":8},"end":{"line":166,"column":31}},"65":{"start":{"line":167,"column":8},"end":{"line":167,"column":19}},"66":{"start":{"line":169,"column":6},"end":{"line":172,"column":7}},"67":{"start":{"line":170,"column":8},"end":{"line":170,"column":25}},"68":{"start":{"line":171,"column":8},"end":{"line":171,"column":19}},"69":{"start":{"line":173,"column":6},"end":{"line":176,"column":7}},"70":{"start":{"line":174,"column":8},"end":{"line":174,"column":26}},"71":{"start":{"line":175,"column":8},"end":{"line":175,"column":19}},"72":{"start":{"line":177,"column":6},"end":{"line":177,"column":38}},"73":{"start":{"line":178,"column":6},"end":{"line":178,"column":18}},"74":{"start":{"line":186,"column":2},"end":{"line":188,"column":3}},"75":{"start":{"line":187,"column":4},"end":{"line":187,"column":15}},"76":{"start":{"line":189,"column":2},"end":{"line":194,"column":3}},"77":{"start":{"line":191,"column":4},"end":{"line":193,"column":5}},"78":{"start":{"line":192,"column":6},"end":{"line":192,"column":17}},"79":{"start":{"line":195,"column":2},"end":{"line":195,"column":14}}},"fnMap":{"0":{"name":"createComponentInstance","decl":{"start":{"line":10,"column":16},"end":{"line":10,"column":39}},"loc":{"start":{"line":10,"column":47},"end":{"line":40,"column":1}},"line":10},"1":{"name":"emit","decl":{"start":{"line":42,"column":9},"end":{"line":42,"column":13}},"loc":{"start":{"line":42,"column":40},"end":{"line":48,"column":1}},"line":42},"2":{"name":"setupComponent","decl":{"start":{"line":51,"column":16},"end":{"line":51,"column":30}},"loc":{"start":{"line":51,"column":41},"end":{"line":57,"column":1}},"line":51},"3":{"name":"setupStatefulComponent","decl":{"start":{"line":59,"column":9},"end":{"line":59,"column":31}},"loc":{"start":{"line":59,"column":42},"end":{"line":73,"column":1}},"line":59},"4":{"name":"createSetupContext","decl":{"start":{"line":75,"column":9},"end":{"line":75,"column":27}},"loc":{"start":{"line":75,"column":38},"end":{"line":80,"column":1}},"line":75},"5":{"name":"finishComponentSetup","decl":{"start":{"line":82,"column":9},"end":{"line":82,"column":29}},"loc":{"start":{"line":82,"column":40},"end":{"line":85,"column":1}},"line":82},"6":{"name":"applyOptions","decl":{"start":{"line":87,"column":9},"end":{"line":87,"column":21}},"loc":{"start":{"line":87,"column":32},"end":{"line":92,"column":1}},"line":87},"7":{"name":"setupRenderEffect","decl":{"start":{"line":95,"column":16},"end":{"line":95,"column":33}},"loc":{"start":{"line":95,"column":62},"end":{"line":123,"column":1}},"line":95},"8":{"name":"(anonymous_8)","decl":{"start":{"line":101,"column":28},"end":{"line":101,"column":29}},"loc":{"start":{"line":101,"column":34},"end":{"line":119,"column":3}},"line":101},"9":{"name":"initProps","decl":{"start":{"line":126,"column":16},"end":{"line":126,"column":25}},"loc":{"start":{"line":126,"column":46},"end":{"line":144,"column":1}},"line":126},"10":{"name":"createInstanceProxy","decl":{"start":{"line":147,"column":9},"end":{"line":147,"column":28}},"loc":{"start":{"line":147,"column":39},"end":{"line":181,"column":1}},"line":147},"11":{"name":"(anonymous_11)","decl":{"start":{"line":149,"column":4},"end":{"line":149,"column":5}},"loc":{"start":{"line":149,"column":21},"end":{"line":162,"column":5}},"line":149},"12":{"name":"(anonymous_12)","decl":{"start":{"line":163,"column":4},"end":{"line":163,"column":5}},"loc":{"start":{"line":163,"column":28},"end":{"line":179,"column":5}},"line":163},"13":{"name":"hasPropsChanged","decl":{"start":{"line":184,"column":16},"end":{"line":184,"column":31}},"loc":{"start":{"line":184,"column":54},"end":{"line":196,"column":1}},"line":184}},"branchMap":{"0":{"loc":{"start":{"line":18,"column":18},"end":{"line":18,"column":39}},"type":"binary-expr","locations":[{"start":{"line":18,"column":18},"end":{"line":18,"column":33}},{"start":{"line":18,"column":37},"end":{"line":18,"column":39}}],"line":18},"1":{"loc":{"start":{"line":45,"column":2},"end":{"line":47,"column":3}},"type":"if","locations":[{"start":{"line":45,"column":2},"end":{"line":47,"column":3}},{"start":{},"end":{}}],"line":45},"2":{"loc":{"start":{"line":65,"column":2},"end":{"line":71,"column":3}},"type":"if","locations":[{"start":{"line":65,"column":2},"end":{"line":71,"column":3}},{"start":{},"end":{}}],"line":65},"3":{"loc":{"start":{"line":89,"column":2},"end":{"line":91,"column":3}},"type":"if","locations":[{"start":{"line":89,"column":2},"end":{"line":91,"column":3}},{"start":{},"end":{}}],"line":89},"4":{"loc":{"start":{"line":104,"column":4},"end":{"line":117,"column":5}},"type":"if","locations":[{"start":{"line":104,"column":4},"end":{"line":117,"column":5}},{"start":{"line":111,"column":11},"end":{"line":117,"column":5}}],"line":104},"5":{"loc":{"start":{"line":133,"column":4},"end":{"line":138,"column":5}},"type":"if","locations":[{"start":{"line":133,"column":4},"end":{"line":138,"column":5}},{"start":{"line":136,"column":11},"end":{"line":138,"column":5}}],"line":133},"6":{"loc":{"start":{"line":151,"column":6},"end":{"line":153,"column":7}},"type":"if","locations":[{"start":{"line":151,"column":6},"end":{"line":153,"column":7}},{"start":{},"end":{}}],"line":151},"7":{"loc":{"start":{"line":154,"column":6},"end":{"line":156,"column":7}},"type":"if","locations":[{"start":{"line":154,"column":6},"end":{"line":156,"column":7}},{"start":{},"end":{}}],"line":154},"8":{"loc":{"start":{"line":158,"column":6},"end":{"line":160,"column":7}},"type":"if","locations":[{"start":{"line":158,"column":6},"end":{"line":160,"column":7}},{"start":{},"end":{}}],"line":158},"9":{"loc":{"start":{"line":165,"column":6},"end":{"line":168,"column":7}},"type":"if","locations":[{"start":{"line":165,"column":6},"end":{"line":168,"column":7}},{"start":{},"end":{}}],"line":165},"10":{"loc":{"start":{"line":169,"column":6},"end":{"line":172,"column":7}},"type":"if","locations":[{"start":{"line":169,"column":6},"end":{"line":172,"column":7}},{"start":{},"end":{}}],"line":169},"11":{"loc":{"start":{"line":173,"column":6},"end":{"line":176,"column":7}},"type":"if","locations":[{"start":{"line":173,"column":6},"end":{"line":176,"column":7}},{"start":{},"end":{}}],"line":173},"12":{"loc":{"start":{"line":186,"column":2},"end":{"line":188,"column":3}},"type":"if","locations":[{"start":{"line":186,"column":2},"end":{"line":188,"column":3}},{"start":{},"end":{}}],"line":186},"13":{"loc":{"start":{"line":191,"column":4},"end":{"line":193,"column":5}},"type":"if","locations":[{"start":{"line":191,"column":4},"end":{"line":193,"column":5}},{"start":{},"end":{}}],"line":191}},"s":{"0":5,"1":5,"2":5,"3":5,"4":1,"5":1,"6":1,"7":1,"8":5,"9":5,"10":5,"11":5,"12":5,"13":5,"14":5,"15":3,"16":3,"17":3,"18":3,"19":3,"20":5,"21":3,"22":5,"23":5,"24":5,"25":2,"26":5,"27":5,"28":5,"29":5,"30":7,"31":7,"32":5,"33":5,"34":5,"35":5,"36":5,"37":2,"38":2,"39":2,"40":2,"41":7,"42":5,"43":5,"44":5,"45":5,"46":5,"47":2,"48":2,"49":1,"50":1,"51":5,"52":5,"53":5,"54":5,"55":5,"56":1,"57":4,"58":2,"59":2,"60":2,"61":0,"62":1,"63":1,"64":0,"65":0,"66":1,"67":1,"68":1,"69":0,"70":0,"71":0,"72":0,"73":0,"74":1,"75":0,"76":1,"77":1,"78":1,"79":0},"f":{"0":5,"1":1,"2":5,"3":5,"4":3,"5":5,"6":5,"7":5,"8":7,"9":5,"10":5,"11":5,"12":1,"13":1},"b":{"0":[5,4],"1":[1,0],"2":[3,2],"3":[2,3],"4":[5,2],"5":[1,1],"6":[1,4],"7":[2,2],"8":[2,0],"9":[0,1],"10":[1,0],"11":[0,0],"12":[0,1],"13":[1,0]},"_coverageSchema":"1a1c01bbd47fc00a2c39e90264f33305004495a9","hash":"566af2cfbc90f1f57cdcfd42218b714a2b08f887"}
,"D:\\朱旭\\文档\\前端随笔\\vue-source\\src\\packages\\reative.js": {"path":"D:\\朱旭\\文档\\前端随笔\\vue-source\\src\\packages\\reative.js","statementMap":{"0":{"start":{"line":2,"column":18},"end":{"line":2,"column":31}},"1":{"start":{"line":5,"column":2},"end":{"line":5,"column":19}},"2":{"start":{"line":6,"column":2},"end":{"line":6,"column":6}},"3":{"start":{"line":10,"column":16},"end":{"line":22,"column":4}},"4":{"start":{"line":13,"column":6},"end":{"line":13,"column":24}},"5":{"start":{"line":14,"column":6},"end":{"line":14,"column":24}},"6":{"start":{"line":17,"column":6},"end":{"line":17,"column":28}},"7":{"start":{"line":19,"column":6},"end":{"line":19,"column":26}},"8":{"start":{"line":20,"column":6},"end":{"line":20,"column":17}},"9":{"start":{"line":23,"column":2},"end":{"line":23,"column":14}},"10":{"start":{"line":27,"column":2},"end":{"line":37,"column":3}},"11":{"start":{"line":28,"column":18},"end":{"line":28,"column":39}},"12":{"start":{"line":29,"column":4},"end":{"line":31,"column":5}},"13":{"start":{"line":30,"column":6},"end":{"line":30,"column":50}},"14":{"start":{"line":32,"column":14},"end":{"line":32,"column":30}},"15":{"start":{"line":33,"column":4},"end":{"line":35,"column":5}},"16":{"start":{"line":34,"column":6},"end":{"line":34,"column":41}},"17":{"start":{"line":36,"column":4},"end":{"line":36,"column":25}},"18":{"start":{"line":41,"column":18},"end":{"line":41,"column":39}},"19":{"start":{"line":42,"column":2},"end":{"line":44,"column":3}},"20":{"start":{"line":43,"column":4},"end":{"line":43,"column":10}},"21":{"start":{"line":45,"column":14},"end":{"line":45,"column":30}},"22":{"start":{"line":46,"column":2},"end":{"line":46,"column":25}},"23":{"start":{"line":46,"column":20},"end":{"line":46,"column":24}}},"fnMap":{"0":{"name":"effect","decl":{"start":{"line":4,"column":16},"end":{"line":4,"column":22}},"loc":{"start":{"line":4,"column":27},"end":{"line":7,"column":1}},"line":4},"1":{"name":"reactive","decl":{"start":{"line":9,"column":16},"end":{"line":9,"column":24}},"loc":{"start":{"line":9,"column":33},"end":{"line":24,"column":1}},"line":9},"2":{"name":"(anonymous_2)","decl":{"start":{"line":11,"column":4},"end":{"line":11,"column":5}},"loc":{"start":{"line":11,"column":21},"end":{"line":15,"column":5}},"line":11},"3":{"name":"(anonymous_3)","decl":{"start":{"line":16,"column":4},"end":{"line":16,"column":5}},"loc":{"start":{"line":16,"column":31},"end":{"line":21,"column":5}},"line":16},"4":{"name":"track","decl":{"start":{"line":26,"column":9},"end":{"line":26,"column":14}},"loc":{"start":{"line":26,"column":28},"end":{"line":38,"column":1}},"line":26},"5":{"name":"trigger","decl":{"start":{"line":40,"column":9},"end":{"line":40,"column":16}},"loc":{"start":{"line":40,"column":30},"end":{"line":47,"column":1}},"line":40},"6":{"name":"(anonymous_6)","decl":{"start":{"line":46,"column":14},"end":{"line":46,"column":15}},"loc":{"start":{"line":46,"column":20},"end":{"line":46,"column":24}},"line":46}},"branchMap":{"0":{"loc":{"start":{"line":27,"column":2},"end":{"line":37,"column":3}},"type":"if","locations":[{"start":{"line":27,"column":2},"end":{"line":37,"column":3}},{"start":{},"end":{}}],"line":27},"1":{"loc":{"start":{"line":29,"column":4},"end":{"line":31,"column":5}},"type":"if","locations":[{"start":{"line":29,"column":4},"end":{"line":31,"column":5}},{"start":{},"end":{}}],"line":29},"2":{"loc":{"start":{"line":33,"column":4},"end":{"line":35,"column":5}},"type":"if","locations":[{"start":{"line":33,"column":4},"end":{"line":35,"column":5}},{"start":{},"end":{}}],"line":33},"3":{"loc":{"start":{"line":42,"column":2},"end":{"line":44,"column":3}},"type":"if","locations":[{"start":{"line":42,"column":2},"end":{"line":44,"column":3}},{"start":{},"end":{}}],"line":42}},"s":{"0":3,"1":6,"2":6,"3":9,"4":14,"5":14,"6":3,"7":3,"8":3,"9":9,"10":14,"11":7,"12":7,"13":4,"14":7,"15":7,"16":4,"17":7,"18":3,"19":3,"20":0,"21":3,"22":3,"23":3},"f":{"0":6,"1":9,"2":14,"3":3,"4":14,"5":3,"6":3},"b":{"0":[7,7],"1":[4,3],"2":[4,3],"3":[0,3]},"_coverageSchema":"1a1c01bbd47fc00a2c39e90264f33305004495a9","hash":"5584435fd0441c910d7b0c58ba803e6dea655d28"}
,"D:\\朱旭\\文档\\前端随笔\\vue-source\\src\\packages\\renderer.js": {"path":"D:\\朱旭\\文档\\前端随笔\\vue-source\\src\\packages\\renderer.js","statementMap":{"0":{"start":{"line":9,"column":2},"end":{"line":13,"column":3}},"1":{"start":{"line":18,"column":2},"end":{"line":20,"column":3}},"2":{"start":{"line":19,"column":4},"end":{"line":19,"column":10}},"3":{"start":{"line":23,"column":2},"end":{"line":26,"column":3}},"4":{"start":{"line":24,"column":4},"end":{"line":24,"column":15}},"5":{"start":{"line":25,"column":4},"end":{"line":25,"column":13}},"6":{"start":{"line":28,"column":19},"end":{"line":28,"column":21}},"7":{"start":{"line":29,"column":2},"end":{"line":33,"column":3}},"8":{"start":{"line":30,"column":4},"end":{"line":30,"column":45}},"9":{"start":{"line":31,"column":9},"end":{"line":33,"column":3}},"10":{"start":{"line":32,"column":4},"end":{"line":32,"column":39}},"11":{"start":{"line":37,"column":2},"end":{"line":43,"column":3}},"12":{"start":{"line":39,"column":4},"end":{"line":39,"column":39}},"13":{"start":{"line":42,"column":4},"end":{"line":42,"column":24}},"14":{"start":{"line":47,"column":2},"end":{"line":53,"column":3}},"15":{"start":{"line":49,"column":4},"end":{"line":49,"column":33}},"16":{"start":{"line":52,"column":4},"end":{"line":52,"column":26}},"17":{"start":{"line":57,"column":14},"end":{"line":57,"column":59}},"18":{"start":{"line":60,"column":20},"end":{"line":60,"column":25}},"19":{"start":{"line":61,"column":2},"end":{"line":65,"column":3}},"20":{"start":{"line":62,"column":4},"end":{"line":64,"column":5}},"21":{"start":{"line":63,"column":6},"end":{"line":63,"column":42}},"22":{"start":{"line":68,"column":2},"end":{"line":76,"column":3}},"23":{"start":{"line":70,"column":4},"end":{"line":70,"column":35}},"24":{"start":{"line":71,"column":9},"end":{"line":76,"column":3}},"25":{"start":{"line":73,"column":4},"end":{"line":75,"column":6}},"26":{"start":{"line":74,"column":6},"end":{"line":74,"column":29}},"27":{"start":{"line":79,"column":2},"end":{"line":79,"column":36}},"28":{"start":{"line":83,"column":14},"end":{"line":83,"column":27}},"29":{"start":{"line":86,"column":2},"end":{"line":86,"column":24}},"30":{"start":{"line":89,"column":2},"end":{"line":89,"column":27}},"31":{"start":{"line":93,"column":19},"end":{"line":93,"column":33}},"32":{"start":{"line":94,"column":19},"end":{"line":94,"column":33}},"33":{"start":{"line":96,"column":2},"end":{"line":102,"column":3}},"34":{"start":{"line":97,"column":17},"end":{"line":97,"column":30}},"35":{"start":{"line":98,"column":17},"end":{"line":98,"column":30}},"36":{"start":{"line":99,"column":4},"end":{"line":101,"column":5}},"37":{"start":{"line":100,"column":6},"end":{"line":100,"column":36}},"38":{"start":{"line":103,"column":2},"end":{"line":108,"column":3}},"39":{"start":{"line":104,"column":4},"end":{"line":107,"column":5}},"40":{"start":{"line":106,"column":6},"end":{"line":106,"column":45}},"41":{"start":{"line":112,"column":2},"end":{"line":118,"column":3}},"42":{"start":{"line":114,"column":4},"end":{"line":114,"column":45}},"43":{"start":{"line":117,"column":4},"end":{"line":117,"column":33}},"44":{"start":{"line":122,"column":20},"end":{"line":122,"column":46}},"45":{"start":{"line":123,"column":2},"end":{"line":126,"column":3}},"46":{"start":{"line":125,"column":4},"end":{"line":125,"column":48}},"47":{"start":{"line":127,"column":2},"end":{"line":129,"column":3}},"48":{"start":{"line":128,"column":4},"end":{"line":128,"column":45}},"49":{"start":{"line":133,"column":2},"end":{"line":138,"column":3}},"50":{"start":{"line":135,"column":4},"end":{"line":135,"column":27}},"51":{"start":{"line":137,"column":4},"end":{"line":137,"column":31}},"52":{"start":{"line":142,"column":13},"end":{"line":142,"column":24}},"53":{"start":{"line":143,"column":13},"end":{"line":143,"column":24}},"54":{"start":{"line":145,"column":2},"end":{"line":161,"column":3}},"55":{"start":{"line":148,"column":4},"end":{"line":150,"column":5}},"56":{"start":{"line":149,"column":6},"end":{"line":149,"column":41}},"57":{"start":{"line":149,"column":26},"end":{"line":149,"column":40}},"58":{"start":{"line":151,"column":4},"end":{"line":151,"column":30}},"59":{"start":{"line":154,"column":4},"end":{"line":160,"column":5}},"60":{"start":{"line":155,"column":6},"end":{"line":155,"column":29}},"61":{"start":{"line":158,"column":6},"end":{"line":158,"column":30}},"62":{"start":{"line":159,"column":6},"end":{"line":159,"column":57}},"63":{"start":{"line":159,"column":26},"end":{"line":159,"column":56}},"64":{"start":{"line":166,"column":2},"end":{"line":172,"column":3}},"65":{"start":{"line":166,"column":24},"end":{"line":166,"column":38}},"66":{"start":{"line":168,"column":4},"end":{"line":168,"column":41}},"67":{"start":{"line":171,"column":4},"end":{"line":171,"column":43}},"68":{"start":{"line":176,"column":18},"end":{"line":176,"column":19}},"69":{"start":{"line":177,"column":2},"end":{"line":211,"column":3}},"70":{"start":{"line":177,"column":15},"end":{"line":177,"column":16}},"71":{"start":{"line":178,"column":21},"end":{"line":178,"column":26}},"72":{"start":{"line":179,"column":15},"end":{"line":179,"column":20}},"73":{"start":{"line":180,"column":4},"end":{"line":198,"column":5}},"74":{"start":{"line":180,"column":17},"end":{"line":180,"column":18}},"75":{"start":{"line":181,"column":23},"end":{"line":181,"column":28}},"76":{"start":{"line":182,"column":6},"end":{"line":197,"column":7}},"77":{"start":{"line":183,"column":8},"end":{"line":183,"column":19}},"78":{"start":{"line":184,"column":8},"end":{"line":184,"column":44}},"79":{"start":{"line":185,"column":8},"end":{"line":195,"column":9}},"80":{"start":{"line":187,"column":28},"end":{"line":187,"column":37}},"81":{"start":{"line":188,"column":10},"end":{"line":192,"column":11}},"82":{"start":{"line":190,"column":27},"end":{"line":190,"column":51}},"83":{"start":{"line":191,"column":12},"end":{"line":191,"column":55}},"84":{"start":{"line":194,"column":10},"end":{"line":194,"column":23}},"85":{"start":{"line":196,"column":8},"end":{"line":196,"column":13}},"86":{"start":{"line":200,"column":4},"end":{"line":210,"column":5}},"87":{"start":{"line":202,"column":19},"end":{"line":202,"column":23}},"88":{"start":{"line":203,"column":24},"end":{"line":203,"column":33}},"89":{"start":{"line":204,"column":6},"end":{"line":208,"column":7}},"90":{"start":{"line":205,"column":8},"end":{"line":205,"column":41}},"91":{"start":{"line":207,"column":8},"end":{"line":207,"column":37}},"92":{"start":{"line":209,"column":6},"end":{"line":209,"column":46}},"93":{"start":{"line":213,"column":2},"end":{"line":219,"column":3}},"94":{"start":{"line":213,"column":15},"end":{"line":213,"column":16}},"95":{"start":{"line":214,"column":21},"end":{"line":214,"column":26}},"96":{"start":{"line":215,"column":16},"end":{"line":215,"column":66}},"97":{"start":{"line":215,"column":36},"end":{"line":215,"column":65}},"98":{"start":{"line":216,"column":4},"end":{"line":218,"column":5}},"99":{"start":{"line":217,"column":6},"end":{"line":217,"column":23}},"100":{"start":{"line":223,"column":20},"end":{"line":223,"column":29}},"101":{"start":{"line":224,"column":20},"end":{"line":224,"column":29}},"102":{"start":{"line":225,"column":23},"end":{"line":225,"column":53}},"103":{"start":{"line":226,"column":2},"end":{"line":228,"column":3}},"104":{"start":{"line":226,"column":15},"end":{"line":226,"column":16}},"105":{"start":{"line":227,"column":4},"end":{"line":227,"column":34}},"106":{"start":{"line":229,"column":2},"end":{"line":239,"column":3}},"107":{"start":{"line":231,"column":4},"end":{"line":233,"column":5}},"108":{"start":{"line":231,"column":17},"end":{"line":231,"column":29}},"109":{"start":{"line":232,"column":6},"end":{"line":232,"column":20}},"110":{"start":{"line":236,"column":4},"end":{"line":238,"column":5}},"111":{"start":{"line":236,"column":17},"end":{"line":236,"column":29}},"112":{"start":{"line":237,"column":6},"end":{"line":237,"column":35}},"113":{"start":{"line":243,"column":17},"end":{"line":243,"column":36}},"114":{"start":{"line":244,"column":2},"end":{"line":246,"column":3}},"115":{"start":{"line":245,"column":4},"end":{"line":245,"column":32}},"116":{"start":{"line":251,"column":19},"end":{"line":251,"column":49}},"117":{"start":{"line":252,"column":2},"end":{"line":252,"column":28}},"118":{"start":{"line":255,"column":2},"end":{"line":255,"column":26}},"119":{"start":{"line":258,"column":2},"end":{"line":258,"column":47}},"120":{"start":{"line":262,"column":20},"end":{"line":262,"column":47}},"121":{"start":{"line":264,"column":2},"end":{"line":271,"column":3}},"122":{"start":{"line":266,"column":4},"end":{"line":270,"column":5}},"123":{"start":{"line":267,"column":6},"end":{"line":269,"column":7}},"124":{"start":{"line":268,"column":8},"end":{"line":268,"column":43}}},"fnMap":{"0":{"name":"h","decl":{"start":{"line":8,"column":16},"end":{"line":8,"column":17}},"loc":{"start":{"line":8,"column":41},"end":{"line":14,"column":1}},"line":8},"1":{"name":"patch","decl":{"start":{"line":17,"column":16},"end":{"line":17,"column":21}},"loc":{"start":{"line":17,"column":56},"end":{"line":34,"column":1}},"line":17},"2":{"name":"processElement","decl":{"start":{"line":36,"column":9},"end":{"line":36,"column":23}},"loc":{"start":{"line":36,"column":58},"end":{"line":44,"column":1}},"line":36},"3":{"name":"processComponent","decl":{"start":{"line":46,"column":9},"end":{"line":46,"column":25}},"loc":{"start":{"line":46,"column":45},"end":{"line":54,"column":1}},"line":46},"4":{"name":"mountElement","decl":{"start":{"line":56,"column":9},"end":{"line":56,"column":21}},"loc":{"start":{"line":56,"column":55},"end":{"line":80,"column":1}},"line":56},"5":{"name":"(anonymous_5)","decl":{"start":{"line":73,"column":27},"end":{"line":73,"column":28}},"loc":{"start":{"line":73,"column":36},"end":{"line":75,"column":5}},"line":73},"6":{"name":"patchElement","decl":{"start":{"line":82,"column":9},"end":{"line":82,"column":21}},"loc":{"start":{"line":82,"column":30},"end":{"line":90,"column":1}},"line":82},"7":{"name":"patchProps","decl":{"start":{"line":92,"column":9},"end":{"line":92,"column":19}},"loc":{"start":{"line":92,"column":32},"end":{"line":109,"column":1}},"line":92},"8":{"name":"patchProp","decl":{"start":{"line":111,"column":9},"end":{"line":111,"column":18}},"loc":{"start":{"line":111,"column":50},"end":{"line":119,"column":1}},"line":111},"9":{"name":"patchEvent","decl":{"start":{"line":121,"column":9},"end":{"line":121,"column":19}},"loc":{"start":{"line":121,"column":51},"end":{"line":130,"column":1}},"line":121},"10":{"name":"patchAttr","decl":{"start":{"line":132,"column":9},"end":{"line":132,"column":18}},"loc":{"start":{"line":132,"column":35},"end":{"line":139,"column":1}},"line":132},"11":{"name":"patchChildren","decl":{"start":{"line":141,"column":9},"end":{"line":141,"column":22}},"loc":{"start":{"line":141,"column":42},"end":{"line":162,"column":1}},"line":141},"12":{"name":"(anonymous_12)","decl":{"start":{"line":149,"column":17},"end":{"line":149,"column":18}},"loc":{"start":{"line":149,"column":26},"end":{"line":149,"column":40}},"line":149},"13":{"name":"(anonymous_13)","decl":{"start":{"line":159,"column":17},"end":{"line":159,"column":18}},"loc":{"start":{"line":159,"column":26},"end":{"line":159,"column":56}},"line":159},"14":{"name":"diff","decl":{"start":{"line":165,"column":9},"end":{"line":165,"column":13}},"loc":{"start":{"line":165,"column":33},"end":{"line":173,"column":1}},"line":165},"15":{"name":"(anonymous_15)","decl":{"start":{"line":166,"column":15},"end":{"line":166,"column":16}},"loc":{"start":{"line":166,"column":24},"end":{"line":166,"column":38}},"line":166},"16":{"name":"patchKeyedChildren","decl":{"start":{"line":175,"column":9},"end":{"line":175,"column":27}},"loc":{"start":{"line":175,"column":47},"end":{"line":220,"column":1}},"line":175},"17":{"name":"(anonymous_17)","decl":{"start":{"line":215,"column":24},"end":{"line":215,"column":25}},"loc":{"start":{"line":215,"column":36},"end":{"line":215,"column":65}},"line":215},"18":{"name":"patchUnkeyedChildren","decl":{"start":{"line":222,"column":9},"end":{"line":222,"column":29}},"loc":{"start":{"line":222,"column":49},"end":{"line":240,"column":1}},"line":222},"19":{"name":"unmount","decl":{"start":{"line":242,"column":9},"end":{"line":242,"column":16}},"loc":{"start":{"line":242,"column":24},"end":{"line":247,"column":1}},"line":242},"20":{"name":"mountComponent","decl":{"start":{"line":249,"column":9},"end":{"line":249,"column":23}},"loc":{"start":{"line":249,"column":42},"end":{"line":259,"column":1}},"line":249},"21":{"name":"patchComponent","decl":{"start":{"line":261,"column":9},"end":{"line":261,"column":23}},"loc":{"start":{"line":261,"column":32},"end":{"line":272,"column":1}},"line":261}},"branchMap":{"0":{"loc":{"start":{"line":17,"column":41},"end":{"line":17,"column":54}},"type":"default-arg","locations":[{"start":{"line":17,"column":50},"end":{"line":17,"column":54}}],"line":17},"1":{"loc":{"start":{"line":18,"column":2},"end":{"line":20,"column":3}},"type":"if","locations":[{"start":{"line":18,"column":2},"end":{"line":20,"column":3}},{"start":{},"end":{}}],"line":18},"2":{"loc":{"start":{"line":23,"column":2},"end":{"line":26,"column":3}},"type":"if","locations":[{"start":{"line":23,"column":2},"end":{"line":26,"column":3}},{"start":{},"end":{}}],"line":23},"3":{"loc":{"start":{"line":23,"column":6},"end":{"line":23,"column":31}},"type":"binary-expr","locations":[{"start":{"line":23,"column":6},"end":{"line":23,"column":8}},{"start":{"line":23,"column":12},"end":{"line":23,"column":31}}],"line":23},"4":{"loc":{"start":{"line":29,"column":2},"end":{"line":33,"column":3}},"type":"if","locations":[{"start":{"line":29,"column":2},"end":{"line":33,"column":3}},{"start":{"line":31,"column":9},"end":{"line":33,"column":3}}],"line":29},"5":{"loc":{"start":{"line":31,"column":9},"end":{"line":33,"column":3}},"type":"if","locations":[{"start":{"line":31,"column":9},"end":{"line":33,"column":3}},{"start":{},"end":{}}],"line":31},"6":{"loc":{"start":{"line":36,"column":43},"end":{"line":36,"column":56}},"type":"default-arg","locations":[{"start":{"line":36,"column":52},"end":{"line":36,"column":56}}],"line":36},"7":{"loc":{"start":{"line":37,"column":2},"end":{"line":43,"column":3}},"type":"if","locations":[{"start":{"line":37,"column":2},"end":{"line":43,"column":3}},{"start":{"line":40,"column":9},"end":{"line":43,"column":3}}],"line":37},"8":{"loc":{"start":{"line":47,"column":2},"end":{"line":53,"column":3}},"type":"if","locations":[{"start":{"line":47,"column":2},"end":{"line":53,"column":3}},{"start":{"line":50,"column":9},"end":{"line":53,"column":3}}],"line":47},"9":{"loc":{"start":{"line":56,"column":40},"end":{"line":56,"column":53}},"type":"default-arg","locations":[{"start":{"line":56,"column":49},"end":{"line":56,"column":53}}],"line":56},"10":{"loc":{"start":{"line":61,"column":2},"end":{"line":65,"column":3}},"type":"if","locations":[{"start":{"line":61,"column":2},"end":{"line":65,"column":3}},{"start":{},"end":{}}],"line":61},"11":{"loc":{"start":{"line":68,"column":2},"end":{"line":76,"column":3}},"type":"if","locations":[{"start":{"line":68,"column":2},"end":{"line":76,"column":3}},{"start":{"line":71,"column":9},"end":{"line":76,"column":3}}],"line":68},"12":{"loc":{"start":{"line":71,"column":9},"end":{"line":76,"column":3}},"type":"if","locations":[{"start":{"line":71,"column":9},"end":{"line":76,"column":3}},{"start":{},"end":{}}],"line":71},"13":{"loc":{"start":{"line":93,"column":19},"end":{"line":93,"column":33}},"type":"binary-expr","locations":[{"start":{"line":93,"column":19},"end":{"line":93,"column":27}},{"start":{"line":93,"column":31},"end":{"line":93,"column":33}}],"line":93},"14":{"loc":{"start":{"line":94,"column":19},"end":{"line":94,"column":33}},"type":"binary-expr","locations":[{"start":{"line":94,"column":19},"end":{"line":94,"column":27}},{"start":{"line":94,"column":31},"end":{"line":94,"column":33}}],"line":94},"15":{"loc":{"start":{"line":99,"column":4},"end":{"line":101,"column":5}},"type":"if","locations":[{"start":{"line":99,"column":4},"end":{"line":101,"column":5}},{"start":{},"end":{}}],"line":99},"16":{"loc":{"start":{"line":104,"column":4},"end":{"line":107,"column":5}},"type":"if","locations":[{"start":{"line":104,"column":4},"end":{"line":107,"column":5}},{"start":{},"end":{}}],"line":104},"17":{"loc":{"start":{"line":112,"column":2},"end":{"line":118,"column":3}},"type":"if","locations":[{"start":{"line":112,"column":2},"end":{"line":118,"column":3}},{"start":{"line":115,"column":9},"end":{"line":118,"column":3}}],"line":112},"18":{"loc":{"start":{"line":123,"column":2},"end":{"line":126,"column":3}},"type":"if","locations":[{"start":{"line":123,"column":2},"end":{"line":126,"column":3}},{"start":{},"end":{}}],"line":123},"19":{"loc":{"start":{"line":127,"column":2},"end":{"line":129,"column":3}},"type":"if","locations":[{"start":{"line":127,"column":2},"end":{"line":129,"column":3}},{"start":{},"end":{}}],"line":127},"20":{"loc":{"start":{"line":133,"column":2},"end":{"line":138,"column":3}},"type":"if","locations":[{"start":{"line":133,"column":2},"end":{"line":138,"column":3}},{"start":{"line":136,"column":9},"end":{"line":138,"column":3}}],"line":133},"21":{"loc":{"start":{"line":145,"column":2},"end":{"line":161,"column":3}},"type":"if","locations":[{"start":{"line":145,"column":2},"end":{"line":161,"column":3}},{"start":{"line":152,"column":9},"end":{"line":161,"column":3}}],"line":145},"22":{"loc":{"start":{"line":148,"column":4},"end":{"line":150,"column":5}},"type":"if","locations":[{"start":{"line":148,"column":4},"end":{"line":150,"column":5}},{"start":{},"end":{}}],"line":148},"23":{"loc":{"start":{"line":154,"column":4},"end":{"line":160,"column":5}},"type":"if","locations":[{"start":{"line":154,"column":4},"end":{"line":160,"column":5}},{"start":{"line":156,"column":11},"end":{"line":160,"column":5}}],"line":154},"24":{"loc":{"start":{"line":166,"column":2},"end":{"line":172,"column":3}},"type":"if","locations":[{"start":{"line":166,"column":2},"end":{"line":172,"column":3}},{"start":{"line":169,"column":9},"end":{"line":172,"column":3}}],"line":166},"25":{"loc":{"start":{"line":182,"column":6},"end":{"line":197,"column":7}},"type":"if","locations":[{"start":{"line":182,"column":6},"end":{"line":197,"column":7}},{"start":{},"end":{}}],"line":182},"26":{"loc":{"start":{"line":185,"column":8},"end":{"line":195,"column":9}},"type":"if","locations":[{"start":{"line":185,"column":8},"end":{"line":195,"column":9}},{"start":{"line":193,"column":15},"end":{"line":195,"column":9}}],"line":185},"27":{"loc":{"start":{"line":188,"column":10},"end":{"line":192,"column":11}},"type":"if","locations":[{"start":{"line":188,"column":10},"end":{"line":192,"column":11}},{"start":{},"end":{}}],"line":188},"28":{"loc":{"start":{"line":200,"column":4},"end":{"line":210,"column":5}},"type":"if","locations":[{"start":{"line":200,"column":4},"end":{"line":210,"column":5}},{"start":{},"end":{}}],"line":200},"29":{"loc":{"start":{"line":204,"column":6},"end":{"line":208,"column":7}},"type":"if","locations":[{"start":{"line":204,"column":6},"end":{"line":208,"column":7}},{"start":{"line":206,"column":13},"end":{"line":208,"column":7}}],"line":204},"30":{"loc":{"start":{"line":216,"column":4},"end":{"line":218,"column":5}},"type":"if","locations":[{"start":{"line":216,"column":4},"end":{"line":218,"column":5}},{"start":{},"end":{}}],"line":216},"31":{"loc":{"start":{"line":229,"column":2},"end":{"line":239,"column":3}},"type":"if","locations":[{"start":{"line":229,"column":2},"end":{"line":239,"column":3}},{"start":{"line":234,"column":9},"end":{"line":239,"column":3}}],"line":229},"32":{"loc":{"start":{"line":244,"column":2},"end":{"line":246,"column":3}},"type":"if","locations":[{"start":{"line":244,"column":2},"end":{"line":246,"column":3}},{"start":{},"end":{}}],"line":244},"33":{"loc":{"start":{"line":264,"column":2},"end":{"line":271,"column":3}},"type":"if","locations":[{"start":{"line":264,"column":2},"end":{"line":271,"column":3}},{"start":{},"end":{}}],"line":264},"34":{"loc":{"start":{"line":267,"column":6},"end":{"line":269,"column":7}},"type":"if","locations":[{"start":{"line":267,"column":6},"end":{"line":269,"column":7}},{"start":{},"end":{}}],"line":267}},"s":{"0":16,"1":32,"2":0,"3":32,"4":0,"5":0,"6":32,"7":32,"8":26,"9":6,"10":6,"11":26,"12":13,"13":13,"14":6,"15":5,"16":1,"17":20,"18":20,"19":20,"20":3,"21":4,"22":20,"23":16,"24":4,"25":3,"26":6,"27":20,"28":13,"29":13,"30":13,"31":13,"32":13,"33":13,"34":3,"35":3,"36":3,"37":3,"38":13,"39":3,"40":0,"41":7,"42":4,"43":3,"44":4,"45":4,"46":2,"47":4,"48":4,"49":3,"50":0,"51":3,"52":13,"53":13,"54":13,"55":9,"56":1,"57":1,"58":9,"59":4,"60":3,"61":1,"62":1,"63":1,"64":3,"65":5,"66":1,"67":2,"68":1,"69":1,"70":1,"71":4,"72":4,"73":4,"74":4,"75":9,"76":9,"77":3,"78":3,"79":3,"80":2,"81":2,"82":2,"83":2,"84":1,"85":3,"86":4,"87":1,"88":1,"89":1,"90":1,"91":0,"92":1,"93":1,"94":1,"95":3,"96":3,"97":6,"98":3,"99":0,"100":2,"101":2,"102":2,"103":2,"104":2,"105":2,"106":2,"107":1,"108":1,"109":1,"110":1,"111":1,"112":1,"113":2,"114":2,"115":2,"116":5,"117":5,"118":5,"119":5,"120":1,"121":1,"122":1,"123":1,"124":1},"f":{"0":16,"1":32,"2":26,"3":6,"4":20,"5":6,"6":13,"7":13,"8":7,"9":4,"10":3,"11":13,"12":1,"13":1,"14":3,"15":5,"16":1,"17":6,"18":2,"19":2,"20":5,"21":1},"b":{"0":[31],"1":[0,32],"2":[0,32],"3":[32,14],"4":[26,6],"5":[6,0],"6":[0],"7":[13,13],"8":[5,1],"9":[7],"10":[3,17],"11":[16,4],"12":[3,1],"13":[13,11],"14":[13,11],"15":[3,0],"16":[0,3],"17":[4,3],"18":[2,2],"19":[4,0],"20":[0,3],"21":[9,4],"22":[1,8],"23":[3,1],"24":[1,2],"25":[3,6],"26":[2,1],"27":[2,0],"28":[1,3],"29":[1,0],"30":[0,3],"31":[1,1],"32":[2,0],"33":[1,0],"34":[1,0]},"_coverageSchema":"1a1c01bbd47fc00a2c39e90264f33305004495a9","hash":"11198d33caca81c273008416444cb5ae94b49988"}
}
