TN:
SF:src\packages\apiLifecircle.js
FN:3,createHook
FN:9,(anonymous_1)
FN:15,(anonymous_2)
FN:16,(anonymous_3)
FN:17,(anonymous_4)
FN:18,(anonymous_5)
FN:20,(anonymous_6)
FN:24,(anonymous_7)
FNF:8
FNH:6
FNDA:2,createHook
FNDA:14,(anonymous_1)
FNDA:1,(anonymous_2)
FNDA:1,(anonymous_3)
FNDA:0,(anonymous_4)
FNDA:0,(anonymous_5)
FNDA:3,(anonymous_6)
FNDA:3,(anonymous_7)
DA:1,2
DA:4,2
DA:5,2
DA:9,2
DA:10,14
DA:11,2
DA:15,2
DA:16,2
DA:17,2
DA:18,2
DA:20,2
DA:21,3
DA:24,2
DA:25,3
LF:14
LH:14
BRDA:3,0,0,2
BRDA:4,1,0,2
BRDA:4,1,1,0
BRDA:10,2,0,2
BRDA:10,2,1,12
BRF:5
BRH:4
end_of_record
TN:
SF:src\packages\component.js
FN:10,createComponentInstance
FN:42,emit
FN:51,setupComponent
FN:59,setupStatefulComponent
FN:75,createSetupContext
FN:82,finishComponentSetup
FN:87,applyOptions
FN:95,setupRenderEffect
FN:101,(anonymous_8)
FN:126,initProps
FN:147,createInstanceProxy
FN:149,(anonymous_11)
FN:163,(anonymous_12)
FN:184,hasPropsChanged
FNF:14
FNH:14
FNDA:5,createComponentInstance
FNDA:1,emit
FNDA:5,setupComponent
FNDA:5,setupStatefulComponent
FNDA:3,createSetupContext
FNDA:5,finishComponentSetup
FNDA:5,applyOptions
FNDA:5,setupRenderEffect
FNDA:7,(anonymous_8)
FNDA:5,initProps
FNDA:5,createInstanceProxy
FNDA:5,(anonymous_11)
FNDA:1,(anonymous_12)
FNDA:1,hasPropsChanged
DA:11,5
DA:13,5
DA:37,5
DA:39,5
DA:43,1
DA:44,1
DA:45,1
DA:46,1
DA:52,5
DA:54,5
DA:56,5
DA:60,5
DA:62,5
DA:64,5
DA:65,5
DA:66,3
DA:67,3
DA:68,3
DA:69,3
DA:70,3
DA:72,5
DA:76,3
DA:84,5
DA:88,5
DA:89,5
DA:90,2
DA:96,5
DA:97,5
DA:98,5
DA:101,5
DA:102,7
DA:104,7
DA:106,5
DA:107,5
DA:108,5
DA:109,5
DA:110,5
DA:113,2
DA:114,2
DA:115,2
DA:116,2
DA:118,7
DA:122,5
DA:127,5
DA:128,5
DA:129,5
DA:131,5
DA:132,2
DA:133,2
DA:135,1
DA:137,1
DA:142,5
DA:143,5
DA:148,5
DA:150,5
DA:151,5
DA:152,1
DA:154,4
DA:155,2
DA:158,2
DA:159,2
DA:161,0
DA:164,1
DA:165,1
DA:166,0
DA:167,0
DA:169,1
DA:170,1
DA:171,1
DA:173,0
DA:174,0
DA:175,0
DA:177,0
DA:178,0
DA:186,1
DA:187,0
DA:189,1
DA:191,1
DA:192,1
DA:195,0
LF:80
LH:70
BRDA:18,0,0,5
BRDA:18,0,1,4
BRDA:45,1,0,1
BRDA:45,1,1,0
BRDA:65,2,0,3
BRDA:65,2,1,2
BRDA:89,3,0,2
BRDA:89,3,1,3
BRDA:104,4,0,5
BRDA:104,4,1,2
BRDA:133,5,0,1
BRDA:133,5,1,1
BRDA:151,6,0,1
BRDA:151,6,1,4
BRDA:154,7,0,2
BRDA:154,7,1,2
BRDA:158,8,0,2
BRDA:158,8,1,0
BRDA:165,9,0,0
BRDA:165,9,1,1
BRDA:169,10,0,1
BRDA:169,10,1,0
BRDA:173,11,0,0
BRDA:173,11,1,0
BRDA:186,12,0,0
BRDA:186,12,1,1
BRDA:191,13,0,1
BRDA:191,13,1,0
BRF:28
BRH:20
end_of_record
TN:
SF:src\packages\reative.js
FN:4,effect
FN:9,reactive
FN:11,(anonymous_2)
FN:16,(anonymous_3)
FN:26,track
FN:40,trigger
FN:46,(anonymous_6)
FNF:7
FNH:7
FNDA:6,effect
FNDA:9,reactive
FNDA:14,(anonymous_2)
FNDA:3,(anonymous_3)
FNDA:14,track
FNDA:3,trigger
FNDA:3,(anonymous_6)
DA:2,3
DA:5,6
DA:6,6
DA:10,9
DA:13,14
DA:14,14
DA:17,3
DA:19,3
DA:20,3
DA:23,9
DA:27,14
DA:28,7
DA:29,7
DA:30,4
DA:32,7
DA:33,7
DA:34,4
DA:36,7
DA:41,3
DA:42,3
DA:43,0
DA:45,3
DA:46,3
LF:23
LH:22
BRDA:27,0,0,7
BRDA:27,0,1,7
BRDA:29,1,0,4
BRDA:29,1,1,3
BRDA:33,2,0,4
BRDA:33,2,1,3
BRDA:42,3,0,0
BRDA:42,3,1,3
BRF:8
BRH:7
end_of_record
TN:
SF:src\packages\renderer.js
FN:8,h
FN:17,patch
FN:36,processElement
FN:46,processComponent
FN:56,mountElement
FN:73,(anonymous_5)
FN:82,patchElement
FN:92,patchProps
FN:111,patchProp
FN:121,patchEvent
FN:132,patchAttr
FN:141,patchChildren
FN:149,(anonymous_12)
FN:159,(anonymous_13)
FN:165,diff
FN:166,(anonymous_15)
FN:175,patchKeyedChildren
FN:215,(anonymous_17)
FN:222,patchUnkeyedChildren
FN:242,unmount
FN:249,mountComponent
FN:261,patchComponent
FNF:22
FNH:22
FNDA:16,h
FNDA:32,patch
FNDA:26,processElement
FNDA:6,processComponent
FNDA:20,mountElement
FNDA:6,(anonymous_5)
FNDA:13,patchElement
FNDA:13,patchProps
FNDA:7,patchProp
FNDA:4,patchEvent
FNDA:3,patchAttr
FNDA:13,patchChildren
FNDA:1,(anonymous_12)
FNDA:1,(anonymous_13)
FNDA:3,diff
FNDA:5,(anonymous_15)
FNDA:1,patchKeyedChildren
FNDA:6,(anonymous_17)
FNDA:2,patchUnkeyedChildren
FNDA:2,unmount
FNDA:5,mountComponent
FNDA:1,patchComponent
DA:9,16
DA:18,32
DA:19,0
DA:23,32
DA:24,0
DA:25,0
DA:28,32
DA:29,32
DA:30,26
DA:31,6
DA:32,6
DA:37,26
DA:39,13
DA:42,13
DA:47,6
DA:49,5
DA:52,1
DA:57,20
DA:60,20
DA:61,20
DA:62,3
DA:63,4
DA:68,20
DA:70,16
DA:71,4
DA:73,3
DA:74,6
DA:79,20
DA:83,13
DA:86,13
DA:89,13
DA:93,13
DA:94,13
DA:96,13
DA:97,3
DA:98,3
DA:99,3
DA:100,3
DA:103,13
DA:104,3
DA:106,0
DA:112,7
DA:114,4
DA:117,3
DA:122,4
DA:123,4
DA:125,2
DA:127,4
DA:128,4
DA:133,3
DA:135,0
DA:137,3
DA:142,13
DA:143,13
DA:145,13
DA:148,9
DA:149,1
DA:151,9
DA:154,4
DA:155,3
DA:158,1
DA:159,1
DA:166,5
DA:168,1
DA:171,2
DA:176,1
DA:177,1
DA:178,4
DA:179,4
DA:180,4
DA:181,9
DA:182,9
DA:183,3
DA:184,3
DA:185,3
DA:187,2
DA:188,2
DA:190,2
DA:191,2
DA:194,1
DA:196,3
DA:200,4
DA:202,1
DA:203,1
DA:204,1
DA:205,1
DA:207,0
DA:209,1
DA:213,1
DA:214,3
DA:215,6
DA:216,3
DA:217,0
DA:223,2
DA:224,2
DA:225,2
DA:226,2
DA:227,2
DA:229,2
DA:231,1
DA:232,1
DA:236,1
DA:237,1
DA:243,2
DA:244,2
DA:245,2
DA:251,5
DA:252,5
DA:255,5
DA:258,5
DA:262,1
DA:264,1
DA:266,1
DA:267,1
DA:268,1
LF:115
LH:108
BRDA:17,0,0,31
BRDA:18,1,0,0
BRDA:18,1,1,32
BRDA:23,2,0,0
BRDA:23,2,1,32
BRDA:23,3,0,32
BRDA:23,3,1,14
BRDA:29,4,0,26
BRDA:29,4,1,6
BRDA:31,5,0,6
BRDA:31,5,1,0
BRDA:36,6,0,0
BRDA:37,7,0,13
BRDA:37,7,1,13
BRDA:47,8,0,5
BRDA:47,8,1,1
BRDA:56,9,0,7
BRDA:61,10,0,3
BRDA:61,10,1,17
BRDA:68,11,0,16
BRDA:68,11,1,4
BRDA:71,12,0,3
BRDA:71,12,1,1
BRDA:93,13,0,13
BRDA:93,13,1,11
BRDA:94,14,0,13
BRDA:94,14,1,11
BRDA:99,15,0,3
BRDA:99,15,1,0
BRDA:104,16,0,0
BRDA:104,16,1,3
BRDA:112,17,0,4
BRDA:112,17,1,3
BRDA:123,18,0,2
BRDA:123,18,1,2
BRDA:127,19,0,4
BRDA:127,19,1,0
BRDA:133,20,0,0
BRDA:133,20,1,3
BRDA:145,21,0,9
BRDA:145,21,1,4
BRDA:148,22,0,1
BRDA:148,22,1,8
BRDA:154,23,0,3
BRDA:154,23,1,1
BRDA:166,24,0,1
BRDA:166,24,1,2
BRDA:182,25,0,3
BRDA:182,25,1,6
BRDA:185,26,0,2
BRDA:185,26,1,1
BRDA:188,27,0,2
BRDA:188,27,1,0
BRDA:200,28,0,1
BRDA:200,28,1,3
BRDA:204,29,0,1
BRDA:204,29,1,0
BRDA:216,30,0,0
BRDA:216,30,1,3
BRDA:229,31,0,1
BRDA:229,31,1,1
BRDA:244,32,0,2
BRDA:244,32,1,0
BRDA:264,33,0,1
BRDA:264,33,1,0
BRDA:267,34,0,1
BRDA:267,34,1,0
BRF:67
BRH:53
end_of_record
